<?xml version="1.0" encoding="UTF-8"?>
<!-- Generated by org.testng.reporters.JUnitReportReporter -->
<testsuite skipped="0" hostname="DESKTOP-AUV6KIA" name="LoginTest" tests="2" failures="0" timestamp="08 авг 2020 10:06:43 GMT" time="38.004" errors="0">
  <testcase name="unsuccessfulLoginTest" time="6.461" classname="LoginTest"/>
  <testcase name="successfulLoginTest" time="31.543" classname="LoginTest"/>
</testsuite> <!-- LoginTest -->
